<?xml version="1.0" encoding="UTF-8"?>
<testng-results ignored="0" total="2" passed="2" failed="0" skipped="0">
  <reporter-output>
  </reporter-output>
  <suite started-at="2023-02-16T12:06:54 IST" name="opencartSuite" finished-at="2023-02-16T12:07:23 IST" duration-ms="29546">
    <groups>
      <group name="Sanity">
        <method signature="TC_002_AccountLoginTest.test_AccountLogin()[pri:0, instance:testCases.TC_002_AccountLoginTest@77847718]" name="test_AccountLogin" class="testCases.TC_002_AccountLoginTest"/>
      </group> <!-- Sanity -->
      <group name="Regression">
        <method signature="TC_001_AccountRegisterationTest.test_account_registeration()[pri:0, instance:testCases.TC_001_AccountRegisterationTest@36902638]" name="test_account_registeration" class="testCases.TC_001_AccountRegisterationTest"/>
      </group> <!-- Regression -->
      <group name="master">
        <method signature="TC_001_AccountRegisterationTest.test_account_registeration()[pri:0, instance:testCases.TC_001_AccountRegisterationTest@36902638]" name="test_account_registeration" class="testCases.TC_001_AccountRegisterationTest"/>
        <method signature="TC_002_AccountLoginTest.test_AccountLogin()[pri:0, instance:testCases.TC_002_AccountLoginTest@77847718]" name="test_AccountLogin" class="testCases.TC_002_AccountLoginTest"/>
      </group> <!-- master -->
    </groups>
    <test started-at="2023-02-16T12:06:54 IST" name="OpencartTest" finished-at="2023-02-16T12:07:23 IST" duration-ms="29546">
      <class name="testCases.TC_001_AccountRegisterationTest">
        <test-method is-config="true" signature="setup(java.lang.String)[pri:0, instance:testCases.TC_001_AccountRegisterationTest@36902638]" started-at="2023-02-16T12:06:54 IST" name="setup" finished-at="2023-02-16T12:06:57 IST" duration-ms="2841" status="PASS">
          <params>
            <param index="0">
              <value>
                <![CDATA[chrome]]>
              </value>
            </param>
          </params>
          <reporter-output>
          </reporter-output>
        </test-method> <!-- setup -->
        <test-method signature="test_account_registeration()[pri:0, instance:testCases.TC_001_AccountRegisterationTest@36902638]" started-at="2023-02-16T12:06:57 IST" name="test_account_registeration" finished-at="2023-02-16T12:07:00 IST" duration-ms="3659" status="PASS">
          <reporter-output>
          </reporter-output>
        </test-method> <!-- test_account_registeration -->
        <test-method is-config="true" signature="teardown()[pri:0, instance:testCases.TC_001_AccountRegisterationTest@36902638]" started-at="2023-02-16T12:07:00 IST" name="teardown" finished-at="2023-02-16T12:07:17 IST" duration-ms="16284" status="PASS">
          <reporter-output>
          </reporter-output>
        </test-method> <!-- teardown -->
      </class> <!-- testCases.TC_001_AccountRegisterationTest -->
      <class name="testCases.TC_002_AccountLoginTest">
        <test-method is-config="true" signature="setup(java.lang.String)[pri:0, instance:testCases.TC_002_AccountLoginTest@77847718]" started-at="2023-02-16T12:07:17 IST" name="setup" finished-at="2023-02-16T12:07:18 IST" duration-ms="1484" status="PASS">
          <params>
            <param index="0">
              <value>
                <![CDATA[chrome]]>
              </value>
            </param>
          </params>
          <reporter-output>
          </reporter-output>
        </test-method> <!-- setup -->
        <test-method signature="test_AccountLogin()[pri:0, instance:testCases.TC_002_AccountLoginTest@77847718]" started-at="2023-02-16T12:07:18 IST" name="test_AccountLogin" finished-at="2023-02-16T12:07:23 IST" duration-ms="4940" status="PASS">
          <reporter-output>
          </reporter-output>
        </test-method> <!-- test_AccountLogin -->
        <test-method is-config="true" signature="teardown()[pri:0, instance:testCases.TC_002_AccountLoginTest@77847718]" started-at="2023-02-16T12:07:23 IST" name="teardown" finished-at="2023-02-16T12:07:23 IST" duration-ms="93" status="PASS">
          <reporter-output>
          </reporter-output>
        </test-method> <!-- teardown -->
      </class> <!-- testCases.TC_002_AccountLoginTest -->
    </test> <!-- OpencartTest -->
  </suite> <!-- opencartSuite -->
</testng-results>
