<?xml version="1.0" encoding="UTF-8"?>
<!-- Generated by org.testng.reporters.JUnitXMLReporter -->
<testsuite ignored="0" hostname="Shubham" failures="1" tests="1" name="OpencartTest" time="16.45" errors="0" timestamp="2023-02-17T18:49:38 IST">
  <testcase classname="testCases.TC_001_AccountRegisterationTest" name="test_account_registeration" time="11.32">
    <failure type="java.lang.AssertionError" message="expected [Your Account Has Been Created!] but found [no such element: Unable to locate element: {&amp;quot;method&amp;quot;:&amp;quot;xpath&amp;quot;,&amp;quot;selector&amp;quot;:&amp;quot;//h1[normalize-space()=&amp;apos;Your Account Has Been Created!&amp;apos;]&amp;quot;}
  (Session info: MicrosoftEdge=110.0.1587.46)
For documentation on this error, please visit: https://selenium.dev/exceptions/#no_such_element
Build info: version: &amp;apos;4.8.0&amp;apos;, revision: &amp;apos;267030adea&amp;apos;
System info: os.name: &amp;apos;Windows 11&amp;apos;, os.arch: &amp;apos;amd64&amp;apos;, os.version: &amp;apos;10.0&amp;apos;, java.version: &amp;apos;18.0.2.1&amp;apos;
Driver info: org.openqa.selenium.edge.EdgeDriver
Command: [0be1f1b0ee537610e582d84df8c4d06a, findElement {using=xpath, value=//h1[normalize-space()=&amp;apos;Your Account Has Been Created!&amp;apos;]}]
Capabilities {acceptInsecureCerts: false, browserName: msedge, browserVersion: 110.0.1587.46, ms:edgeOptions: {debuggerAddress: localhost:60469}, msedge: {msedgedriverVersion: 110.0.1587.49 (1ab6022837fd..., userDataDir: C:\Users\SHUBHA~1\AppData\L...}, networkConnectionEnabled: false, pageLoadStrategy: normal, platformName: WINDOWS, proxy: Proxy(), se:cdp: ws://localhost:60469/devtoo..., se:cdpVersion: 110.0.1587.46, setWindowRect: true, strictFileInteractability: false, timeouts: {implicit: 0, pageLoad: 300000, script: 30000}, unhandledPromptBehavior: dismiss and notify, webauthn:extension:credBlob: true, webauthn:extension:largeBlob: true, webauthn:virtualAuthenticators: true}
Session ID: 0be1f1b0ee537610e582d84df8c4d06a]">
      <![CDATA[java.lang.AssertionError: expected [Your Account Has Been Created!] but found [no such element: Unable to locate element: {"method":"xpath","selector":"//h1[normalize-space()='Your Account Has Been Created!']"}
  (Session info: MicrosoftEdge=110.0.1587.46)
For documentation on this error, please visit: https://selenium.dev/exceptions/#no_such_element
Build info: version: '4.8.0', revision: '267030adea'
System info: os.name: 'Windows 11', os.arch: 'amd64', os.version: '10.0', java.version: '18.0.2.1'
Driver info: org.openqa.selenium.edge.EdgeDriver
Command: [0be1f1b0ee537610e582d84df8c4d06a, findElement {using=xpath, value=//h1[normalize-space()='Your Account Has Been Created!']}]
Capabilities {acceptInsecureCerts: false, browserName: msedge, browserVersion: 110.0.1587.46, ms:edgeOptions: {debuggerAddress: localhost:60469}, msedge: {msedgedriverVersion: 110.0.1587.49 (1ab6022837fd..., userDataDir: C:\Users\SHUBHA~1\AppData\L...}, networkConnectionEnabled: false, pageLoadStrategy: normal, platformName: WINDOWS, proxy: Proxy(), se:cdp: ws://localhost:60469/devtoo..., se:cdpVersion: 110.0.1587.46, setWindowRect: true, strictFileInteractability: false, timeouts: {implicit: 0, pageLoad: 300000, script: 30000}, unhandledPromptBehavior: dismiss and notify, webauthn:extension:credBlob: true, webauthn:extension:largeBlob: true, webauthn:virtualAuthenticators: true}
Session ID: 0be1f1b0ee537610e582d84df8c4d06a]
at testCases.TC_001_AccountRegisterationTest.test_account_registeration(TC_001_AccountRegisterationTest.java:39)
at java.base/java.util.ArrayList.forEach(ArrayList.java:1511)
... Removed 31 stack frames]]>
    </failure>
  </testcase> <!-- test_account_registeration -->
</testsuite> <!-- OpencartTest -->
